<?xml version="1.0" encoding="UTF-8"?>
<!-- Generated by org.testng.reporters.JUnitReportReporter -->
<testsuite hostname="Raktim" failures="0" tests="1" name="ZAPSecurity.Selenium.ZAPSecurityTest" time="39.468" errors="0" timestamp="2022-05-12T20:55:09 IST" skipped="0">
  <testcase classname="ZAPSecurity.Selenium.ZAPSecurityTest" name="amazonSecurityTest" time="39.468"/>
  <system-out/>
</testsuite> <!-- ZAPSecurity.Selenium.ZAPSecurityTest -->
